<?xml version="1.0" encoding="UTF-8"?>
<!-- Generated by org.testng.reporters.JUnitReportReporter -->
<testsuite skipped="0" hostname="DESKTOP-U822VNM" name="testcases.TC001_LoginAndLogout" tests="2" failures="0" timestamp="03 Jun 2018 01:29:45 GMT" time="17.935" errors="0">
  <testcase name="loginAndLogout" time="8.549" classname="testcases.TC001_LoginAndLogout"/>
  <testcase name="loginAndLogout" time="9.386" classname="testcases.TC001_LoginAndLogout"/>
</testsuite> <!-- testcases.TC001_LoginAndLogout -->
