<?xml version="1.0" encoding="UTF-8"?>
<!-- Generated by org.testng.reporters.JUnitReportReporter -->
<testsuite skipped="0" hostname="LAPTOP-37JVLBAB" name="testcases.TC003_CreateLead" tests="2" failures="0" timestamp="05 Jun 2018 16:31:28 GMT" time="39.864" errors="0">
  <testcase name="CreateLead" time="18.265" classname="testcases.TC003_CreateLead"/>
  <testcase name="CreateLead" time="21.599" classname="testcases.TC003_CreateLead"/>
</testsuite> <!-- testcases.TC003_CreateLead -->
