<?xml version="1.0" encoding="UTF-8"?>
<!-- Generated by org.testng.reporters.JUnitReportReporter -->
<testsuite skipped="0" hostname="DESKTOP-U822VNM" name="testcases.TC002_LoginForFailure" tests="4" failures="0" timestamp="03 Jun 2018 01:30:25 GMT" time="30.436" errors="0">
  <testcase name="loginAndLogout" time="7.719" classname="testcases.TC002_LoginForFailure"/>
  <testcase name="loginAndLogout" time="8.242" classname="testcases.TC002_LoginForFailure"/>
  <testcase name="loginAndLogout" time="7.611" classname="testcases.TC002_LoginForFailure"/>
  <testcase name="loginAndLogout" time="6.864" classname="testcases.TC002_LoginForFailure"/>
</testsuite> <!-- testcases.TC002_LoginForFailure -->
